mode: set
github.com/NVIDIA/holodeck/pkg/provider/aws/aws.go:87.57,88.27 1 1
github.com/NVIDIA/holodeck/pkg/provider/aws/aws.go:88.27,90.3 1 1
github.com/NVIDIA/holodeck/pkg/provider/aws/aws.go:97.37,100.59 2 1
github.com/NVIDIA/holodeck/pkg/provider/aws/aws.go:100.59,102.3 1 1
github.com/NVIDIA/holodeck/pkg/provider/aws/aws.go:103.2,105.24 2 1
github.com/NVIDIA/holodeck/pkg/provider/aws/aws.go:105.24,107.3 1 1
github.com/NVIDIA/holodeck/pkg/provider/aws/aws.go:108.2,137.27 9 1
github.com/NVIDIA/holodeck/pkg/provider/aws/aws.go:137.27,139.3 1 1
github.com/NVIDIA/holodeck/pkg/provider/aws/aws.go:142.2,142.18 1 1
github.com/NVIDIA/holodeck/pkg/provider/aws/aws.go:142.18,144.17 2 0
github.com/NVIDIA/holodeck/pkg/provider/aws/aws.go:144.17,146.4 1 0
github.com/NVIDIA/holodeck/pkg/provider/aws/aws.go:147.3,147.33 1 0
github.com/NVIDIA/holodeck/pkg/provider/aws/aws.go:150.2,150.15 1 1
github.com/NVIDIA/holodeck/pkg/provider/aws/aws.go:154.34,154.49 1 1
github.com/NVIDIA/holodeck/pkg/provider/aws/aws.go:157.50,159.16 2 1
github.com/NVIDIA/holodeck/pkg/provider/aws/aws.go:159.16,161.3 1 1
github.com/NVIDIA/holodeck/pkg/provider/aws/aws.go:163.2,165.42 2 1
github.com/NVIDIA/holodeck/pkg/provider/aws/aws.go:165.42,166.17 1 1
github.com/NVIDIA/holodeck/pkg/provider/aws/aws.go:167.14,168.23 1 1
github.com/NVIDIA/holodeck/pkg/provider/aws/aws.go:169.17,170.26 1 1
github.com/NVIDIA/holodeck/pkg/provider/aws/aws.go:171.21,172.30 1 1
github.com/NVIDIA/holodeck/pkg/provider/aws/aws.go:173.34,174.43 1 1
github.com/NVIDIA/holodeck/pkg/provider/aws/aws.go:175.19,176.28 1 1
github.com/NVIDIA/holodeck/pkg/provider/aws/aws.go:177.24,178.33 1 1
github.com/NVIDIA/holodeck/pkg/provider/aws/aws.go:179.19,180.28 1 1
github.com/NVIDIA/holodeck/pkg/provider/aws/aws.go:181.22,182.31 1 1
github.com/NVIDIA/holodeck/pkg/provider/aws/aws.go:183.11,185.12 1 1
github.com/NVIDIA/holodeck/pkg/provider/aws/aws.go:189.2,189.17 1 1
github.com/NVIDIA/holodeck/pkg/provider/aws/aws.go:192.27,195.2 2 1
github.com/NVIDIA/holodeck/pkg/provider/aws/aws.go:197.27,200.2 2 1
github.com/NVIDIA/holodeck/pkg/provider/aws/create.go:33.35,38.43 3 0
github.com/NVIDIA/holodeck/pkg/provider/aws/create.go:38.43,41.3 2 0
github.com/NVIDIA/holodeck/pkg/provider/aws/create.go:42.2,44.46 2 0
github.com/NVIDIA/holodeck/pkg/provider/aws/create.go:44.46,47.3 2 0
github.com/NVIDIA/holodeck/pkg/provider/aws/create.go:48.2,50.55 2 0
github.com/NVIDIA/holodeck/pkg/provider/aws/create.go:50.55,53.3 2 0
github.com/NVIDIA/holodeck/pkg/provider/aws/create.go:54.2,56.50 2 0
github.com/NVIDIA/holodeck/pkg/provider/aws/create.go:56.50,59.3 2 0
github.com/NVIDIA/holodeck/pkg/provider/aws/create.go:60.2,62.53 2 0
github.com/NVIDIA/holodeck/pkg/provider/aws/create.go:62.53,65.3 2 0
github.com/NVIDIA/holodeck/pkg/provider/aws/create.go:66.2,68.51 2 0
github.com/NVIDIA/holodeck/pkg/provider/aws/create.go:68.51,71.3 2 0
github.com/NVIDIA/holodeck/pkg/provider/aws/create.go:74.2,74.74 1 0
github.com/NVIDIA/holodeck/pkg/provider/aws/create.go:74.74,76.3 1 0
github.com/NVIDIA/holodeck/pkg/provider/aws/create.go:77.2,77.12 1 0
github.com/NVIDIA/holodeck/pkg/provider/aws/create.go:81.48,98.16 5 0
github.com/NVIDIA/holodeck/pkg/provider/aws/create.go:98.16,101.3 2 0
github.com/NVIDIA/holodeck/pkg/provider/aws/create.go:102.2,110.16 4 0
github.com/NVIDIA/holodeck/pkg/provider/aws/create.go:110.16,113.3 2 0
github.com/NVIDIA/holodeck/pkg/provider/aws/create.go:114.2,116.12 2 0
github.com/NVIDIA/holodeck/pkg/provider/aws/create.go:120.51,135.16 5 0
github.com/NVIDIA/holodeck/pkg/provider/aws/create.go:135.16,138.3 2 0
github.com/NVIDIA/holodeck/pkg/provider/aws/create.go:139.2,142.12 3 0
github.com/NVIDIA/holodeck/pkg/provider/aws/create.go:146.60,159.16 5 0
github.com/NVIDIA/holodeck/pkg/provider/aws/create.go:159.16,162.3 2 0
github.com/NVIDIA/holodeck/pkg/provider/aws/create.go:163.2,171.16 4 0
github.com/NVIDIA/holodeck/pkg/provider/aws/create.go:171.16,174.3 2 0
github.com/NVIDIA/holodeck/pkg/provider/aws/create.go:175.2,175.51 1 0
github.com/NVIDIA/holodeck/pkg/provider/aws/create.go:175.51,177.3 1 0
github.com/NVIDIA/holodeck/pkg/provider/aws/create.go:179.2,180.12 2 0
github.com/NVIDIA/holodeck/pkg/provider/aws/create.go:184.55,198.16 5 0
github.com/NVIDIA/holodeck/pkg/provider/aws/create.go:198.16,201.3 2 0
github.com/NVIDIA/holodeck/pkg/provider/aws/create.go:202.2,209.86 3 0
github.com/NVIDIA/holodeck/pkg/provider/aws/create.go:209.86,212.3 2 0
github.com/NVIDIA/holodeck/pkg/provider/aws/create.go:214.2,219.72 2 0
github.com/NVIDIA/holodeck/pkg/provider/aws/create.go:219.72,221.3 1 0
github.com/NVIDIA/holodeck/pkg/provider/aws/create.go:223.2,224.12 2 0
github.com/NVIDIA/holodeck/pkg/provider/aws/create.go:229.58,245.16 5 0
github.com/NVIDIA/holodeck/pkg/provider/aws/create.go:245.16,248.3 2 0
github.com/NVIDIA/holodeck/pkg/provider/aws/create.go:249.2,257.16 5 0
github.com/NVIDIA/holodeck/pkg/provider/aws/create.go:257.16,260.3 2 0
github.com/NVIDIA/holodeck/pkg/provider/aws/create.go:263.2,269.44 3 0
github.com/NVIDIA/holodeck/pkg/provider/aws/create.go:269.44,270.22 1 0
github.com/NVIDIA/holodeck/pkg/provider/aws/create.go:270.22,275.4 2 0
github.com/NVIDIA/holodeck/pkg/provider/aws/create.go:278.2,302.87 2 0
github.com/NVIDIA/holodeck/pkg/provider/aws/create.go:302.87,305.3 2 0
github.com/NVIDIA/holodeck/pkg/provider/aws/create.go:307.2,308.12 2 0
github.com/NVIDIA/holodeck/pkg/provider/aws/create.go:312.56,318.16 4 0
github.com/NVIDIA/holodeck/pkg/provider/aws/create.go:318.16,321.3 2 0
github.com/NVIDIA/holodeck/pkg/provider/aws/create.go:324.2,324.36 1 0
github.com/NVIDIA/holodeck/pkg/provider/aws/create.go:324.36,326.3 1 0
github.com/NVIDIA/holodeck/pkg/provider/aws/create.go:328.2,363.16 3 0
github.com/NVIDIA/holodeck/pkg/provider/aws/create.go:363.16,366.3 2 0
github.com/NVIDIA/holodeck/pkg/provider/aws/create.go:367.2,370.45 2 0
github.com/NVIDIA/holodeck/pkg/provider/aws/create.go:370.45,373.4 2 0
github.com/NVIDIA/holodeck/pkg/provider/aws/create.go:375.2,379.50 2 0
github.com/NVIDIA/holodeck/pkg/provider/aws/create.go:379.50,382.3 2 0
github.com/NVIDIA/holodeck/pkg/provider/aws/create.go:385.2,388.16 2 0
github.com/NVIDIA/holodeck/pkg/provider/aws/create.go:388.16,391.3 2 0
github.com/NVIDIA/holodeck/pkg/provider/aws/create.go:392.2,401.16 5 0
github.com/NVIDIA/holodeck/pkg/provider/aws/create.go:401.16,404.3 2 0
github.com/NVIDIA/holodeck/pkg/provider/aws/create.go:405.2,406.12 2 0
github.com/NVIDIA/holodeck/pkg/provider/aws/delete.go:39.35,41.16 2 0
github.com/NVIDIA/holodeck/pkg/provider/aws/delete.go:41.16,43.3 1 0
github.com/NVIDIA/holodeck/pkg/provider/aws/delete.go:45.2,45.40 1 0
github.com/NVIDIA/holodeck/pkg/provider/aws/delete.go:45.40,47.3 1 0
github.com/NVIDIA/holodeck/pkg/provider/aws/delete.go:49.2,49.12 1 0
github.com/NVIDIA/holodeck/pkg/provider/aws/delete.go:52.45,54.52 1 0
github.com/NVIDIA/holodeck/pkg/provider/aws/delete.go:54.52,56.3 1 0
github.com/NVIDIA/holodeck/pkg/provider/aws/delete.go:59.2,59.54 1 0
github.com/NVIDIA/holodeck/pkg/provider/aws/delete.go:59.54,61.3 1 0
github.com/NVIDIA/holodeck/pkg/provider/aws/delete.go:64.2,64.52 1 0
github.com/NVIDIA/holodeck/pkg/provider/aws/delete.go:64.52,66.3 1 0
github.com/NVIDIA/holodeck/pkg/provider/aws/delete.go:68.2,68.12 1 0
github.com/NVIDIA/holodeck/pkg/provider/aws/delete.go:71.57,72.28 1 0
github.com/NVIDIA/holodeck/pkg/provider/aws/delete.go:72.28,75.3 2 0
github.com/NVIDIA/holodeck/pkg/provider/aws/delete.go:77.2,77.126 1 0
github.com/NVIDIA/holodeck/pkg/provider/aws/delete.go:77.126,79.3 1 0
github.com/NVIDIA/holodeck/pkg/provider/aws/delete.go:82.2,82.41 1 0
github.com/NVIDIA/holodeck/pkg/provider/aws/delete.go:82.41,86.17 2 0
github.com/NVIDIA/holodeck/pkg/provider/aws/delete.go:86.17,88.67 1 0
github.com/NVIDIA/holodeck/pkg/provider/aws/delete.go:88.67,91.5 2 0
github.com/NVIDIA/holodeck/pkg/provider/aws/delete.go:92.4,92.14 1 0
github.com/NVIDIA/holodeck/pkg/provider/aws/delete.go:94.3,94.13 1 0
github.com/NVIDIA/holodeck/pkg/provider/aws/delete.go:97.2,97.16 1 0
github.com/NVIDIA/holodeck/pkg/provider/aws/delete.go:97.16,98.130 1 0
github.com/NVIDIA/holodeck/pkg/provider/aws/delete.go:98.130,100.4 1 0
github.com/NVIDIA/holodeck/pkg/provider/aws/delete.go:101.3,101.80 1 0
github.com/NVIDIA/holodeck/pkg/provider/aws/delete.go:105.2,118.16 8 0
github.com/NVIDIA/holodeck/pkg/provider/aws/delete.go:118.16,120.47 1 0
github.com/NVIDIA/holodeck/pkg/provider/aws/delete.go:120.47,123.4 2 0
github.com/NVIDIA/holodeck/pkg/provider/aws/delete.go:124.3,124.71 1 0
github.com/NVIDIA/holodeck/pkg/provider/aws/delete.go:128.2,128.47 1 0
github.com/NVIDIA/holodeck/pkg/provider/aws/delete.go:128.47,130.3 1 0
github.com/NVIDIA/holodeck/pkg/provider/aws/delete.go:132.2,133.12 2 0
github.com/NVIDIA/holodeck/pkg/provider/aws/delete.go:136.59,137.33 1 0
github.com/NVIDIA/holodeck/pkg/provider/aws/delete.go:137.33,140.3 2 0
github.com/NVIDIA/holodeck/pkg/provider/aws/delete.go:142.2,142.125 1 0
github.com/NVIDIA/holodeck/pkg/provider/aws/delete.go:142.125,144.3 1 0
github.com/NVIDIA/holodeck/pkg/provider/aws/delete.go:147.2,147.41 1 0
github.com/NVIDIA/holodeck/pkg/provider/aws/delete.go:147.41,151.17 2 0
github.com/NVIDIA/holodeck/pkg/provider/aws/delete.go:151.17,153.62 1 0
github.com/NVIDIA/holodeck/pkg/provider/aws/delete.go:153.62,156.5 2 0
github.com/NVIDIA/holodeck/pkg/provider/aws/delete.go:158.4,158.60 1 0
github.com/NVIDIA/holodeck/pkg/provider/aws/delete.go:158.60,161.5 2 0
github.com/NVIDIA/holodeck/pkg/provider/aws/delete.go:162.4,162.14 1 0
github.com/NVIDIA/holodeck/pkg/provider/aws/delete.go:164.3,164.13 1 0
github.com/NVIDIA/holodeck/pkg/provider/aws/delete.go:167.2,167.16 1 0
github.com/NVIDIA/holodeck/pkg/provider/aws/delete.go:167.16,168.129 1 0
github.com/NVIDIA/holodeck/pkg/provider/aws/delete.go:168.129,170.4 1 0
github.com/NVIDIA/holodeck/pkg/provider/aws/delete.go:171.3,171.88 1 0
github.com/NVIDIA/holodeck/pkg/provider/aws/delete.go:175.2,176.50 2 0
github.com/NVIDIA/holodeck/pkg/provider/aws/delete.go:176.50,178.3 1 0
github.com/NVIDIA/holodeck/pkg/provider/aws/delete.go:180.2,181.12 2 0
github.com/NVIDIA/holodeck/pkg/provider/aws/delete.go:184.57,189.124 4 0
github.com/NVIDIA/holodeck/pkg/provider/aws/delete.go:189.124,191.3 1 0
github.com/NVIDIA/holodeck/pkg/provider/aws/delete.go:194.2,194.46 1 0
github.com/NVIDIA/holodeck/pkg/provider/aws/delete.go:194.46,196.3 1 0
github.com/NVIDIA/holodeck/pkg/provider/aws/delete.go:199.2,199.50 1 0
github.com/NVIDIA/holodeck/pkg/provider/aws/delete.go:199.50,201.3 1 0
github.com/NVIDIA/holodeck/pkg/provider/aws/delete.go:204.2,204.55 1 0
github.com/NVIDIA/holodeck/pkg/provider/aws/delete.go:204.55,206.3 1 0
github.com/NVIDIA/holodeck/pkg/provider/aws/delete.go:209.2,209.43 1 0
github.com/NVIDIA/holodeck/pkg/provider/aws/delete.go:209.43,211.3 1 0
github.com/NVIDIA/holodeck/pkg/provider/aws/delete.go:213.2,213.59 1 0
github.com/NVIDIA/holodeck/pkg/provider/aws/delete.go:216.51,217.26 1 0
github.com/NVIDIA/holodeck/pkg/provider/aws/delete.go:217.26,220.3 2 0
github.com/NVIDIA/holodeck/pkg/provider/aws/delete.go:222.2,222.41 1 0
github.com/NVIDIA/holodeck/pkg/provider/aws/delete.go:222.41,226.17 2 0
github.com/NVIDIA/holodeck/pkg/provider/aws/delete.go:226.17,227.65 1 0
github.com/NVIDIA/holodeck/pkg/provider/aws/delete.go:227.65,230.5 2 0
github.com/NVIDIA/holodeck/pkg/provider/aws/delete.go:231.4,231.14 1 0
github.com/NVIDIA/holodeck/pkg/provider/aws/delete.go:233.3,233.13 1 0
github.com/NVIDIA/holodeck/pkg/provider/aws/delete.go:236.2,236.16 1 0
github.com/NVIDIA/holodeck/pkg/provider/aws/delete.go:236.16,238.3 1 0
github.com/NVIDIA/holodeck/pkg/provider/aws/delete.go:241.2,242.36 2 0
github.com/NVIDIA/holodeck/pkg/provider/aws/delete.go:242.36,244.3 1 0
github.com/NVIDIA/holodeck/pkg/provider/aws/delete.go:246.2,247.12 2 0
github.com/NVIDIA/holodeck/pkg/provider/aws/delete.go:250.55,251.28 1 0
github.com/NVIDIA/holodeck/pkg/provider/aws/delete.go:251.28,254.3 2 0
github.com/NVIDIA/holodeck/pkg/provider/aws/delete.go:257.2,258.16 2 0
github.com/NVIDIA/holodeck/pkg/provider/aws/delete.go:258.16,260.3 1 0
github.com/NVIDIA/holodeck/pkg/provider/aws/delete.go:261.2,261.12 1 0
github.com/NVIDIA/holodeck/pkg/provider/aws/delete.go:261.12,264.3 2 0
github.com/NVIDIA/holodeck/pkg/provider/aws/delete.go:266.2,266.40 1 0
github.com/NVIDIA/holodeck/pkg/provider/aws/delete.go:266.40,270.17 2 0
github.com/NVIDIA/holodeck/pkg/provider/aws/delete.go:270.17,271.69 1 0
github.com/NVIDIA/holodeck/pkg/provider/aws/delete.go:271.69,274.5 2 0
github.com/NVIDIA/holodeck/pkg/provider/aws/delete.go:275.4,275.14 1 0
github.com/NVIDIA/holodeck/pkg/provider/aws/delete.go:277.3,277.13 1 0
github.com/NVIDIA/holodeck/pkg/provider/aws/delete.go:280.2,280.16 1 0
github.com/NVIDIA/holodeck/pkg/provider/aws/delete.go:280.16,282.3 1 0
github.com/NVIDIA/holodeck/pkg/provider/aws/delete.go:284.2,285.12 2 0
github.com/NVIDIA/holodeck/pkg/provider/aws/delete.go:288.60,289.30 1 0
github.com/NVIDIA/holodeck/pkg/provider/aws/delete.go:289.30,292.3 2 0
github.com/NVIDIA/holodeck/pkg/provider/aws/delete.go:295.2,295.23 1 0
github.com/NVIDIA/holodeck/pkg/provider/aws/delete.go:295.23,296.42 1 0
github.com/NVIDIA/holodeck/pkg/provider/aws/delete.go:296.42,301.18 2 0
github.com/NVIDIA/holodeck/pkg/provider/aws/delete.go:301.18,302.61 1 0
github.com/NVIDIA/holodeck/pkg/provider/aws/delete.go:302.61,305.6 2 0
github.com/NVIDIA/holodeck/pkg/provider/aws/delete.go:306.5,306.15 1 0
github.com/NVIDIA/holodeck/pkg/provider/aws/delete.go:308.4,308.14 1 0
github.com/NVIDIA/holodeck/pkg/provider/aws/delete.go:311.3,311.17 1 0
github.com/NVIDIA/holodeck/pkg/provider/aws/delete.go:311.17,313.4 1 0
github.com/NVIDIA/holodeck/pkg/provider/aws/delete.go:316.3,316.32 1 0
github.com/NVIDIA/holodeck/pkg/provider/aws/delete.go:320.2,320.41 1 0
github.com/NVIDIA/holodeck/pkg/provider/aws/delete.go:320.41,324.17 2 0
github.com/NVIDIA/holodeck/pkg/provider/aws/delete.go:324.17,325.74 1 0
github.com/NVIDIA/holodeck/pkg/provider/aws/delete.go:325.74,328.5 2 0
github.com/NVIDIA/holodeck/pkg/provider/aws/delete.go:329.4,329.14 1 0
github.com/NVIDIA/holodeck/pkg/provider/aws/delete.go:331.3,331.13 1 0
github.com/NVIDIA/holodeck/pkg/provider/aws/delete.go:334.2,334.16 1 0
github.com/NVIDIA/holodeck/pkg/provider/aws/delete.go:334.16,336.3 1 0
github.com/NVIDIA/holodeck/pkg/provider/aws/delete.go:338.2,339.12 2 0
github.com/NVIDIA/holodeck/pkg/provider/aws/delete.go:342.48,343.23 1 0
github.com/NVIDIA/holodeck/pkg/provider/aws/delete.go:343.23,346.3 2 0
github.com/NVIDIA/holodeck/pkg/provider/aws/delete.go:349.2,351.41 2 0
github.com/NVIDIA/holodeck/pkg/provider/aws/delete.go:351.41,355.17 2 0
github.com/NVIDIA/holodeck/pkg/provider/aws/delete.go:355.17,356.62 1 0
github.com/NVIDIA/holodeck/pkg/provider/aws/delete.go:356.62,359.5 2 0
github.com/NVIDIA/holodeck/pkg/provider/aws/delete.go:361.4,361.60 1 0
github.com/NVIDIA/holodeck/pkg/provider/aws/delete.go:361.60,365.5 3 0
github.com/NVIDIA/holodeck/pkg/provider/aws/delete.go:366.4,366.14 1 0
github.com/NVIDIA/holodeck/pkg/provider/aws/delete.go:368.3,368.13 1 0
github.com/NVIDIA/holodeck/pkg/provider/aws/delete.go:371.2,371.16 1 0
github.com/NVIDIA/holodeck/pkg/provider/aws/delete.go:371.16,373.3 1 0
github.com/NVIDIA/holodeck/pkg/provider/aws/delete.go:376.2,377.30 2 0
github.com/NVIDIA/holodeck/pkg/provider/aws/delete.go:377.30,379.3 1 0
github.com/NVIDIA/holodeck/pkg/provider/aws/delete.go:381.2,382.12 2 0
github.com/NVIDIA/holodeck/pkg/provider/aws/delete.go:387.67,389.34 2 0
github.com/NVIDIA/holodeck/pkg/provider/aws/delete.go:389.34,391.17 2 0
github.com/NVIDIA/holodeck/pkg/provider/aws/delete.go:391.17,393.4 1 0
github.com/NVIDIA/holodeck/pkg/provider/aws/delete.go:395.3,395.24 1 0
github.com/NVIDIA/holodeck/pkg/provider/aws/delete.go:395.24,397.4 1 0
github.com/NVIDIA/holodeck/pkg/provider/aws/delete.go:399.3,404.28 4 0
github.com/NVIDIA/holodeck/pkg/provider/aws/delete.go:404.28,406.4 1 0
github.com/NVIDIA/holodeck/pkg/provider/aws/delete.go:408.2,408.68 1 0
github.com/NVIDIA/holodeck/pkg/provider/aws/delete.go:411.65,415.16 2 0
github.com/NVIDIA/holodeck/pkg/provider/aws/delete.go:415.16,417.3 1 0
github.com/NVIDIA/holodeck/pkg/provider/aws/delete.go:419.2,419.79 1 0
github.com/NVIDIA/holodeck/pkg/provider/aws/delete.go:419.79,422.3 2 0
github.com/NVIDIA/holodeck/pkg/provider/aws/delete.go:423.2,423.13 1 0
github.com/NVIDIA/holodeck/pkg/provider/aws/delete.go:426.58,431.2 2 0
github.com/NVIDIA/holodeck/pkg/provider/aws/delete.go:433.55,438.2 2 0
github.com/NVIDIA/holodeck/pkg/provider/aws/delete.go:440.49,445.2 2 0
github.com/NVIDIA/holodeck/pkg/provider/aws/delete.go:447.71,451.16 2 0
github.com/NVIDIA/holodeck/pkg/provider/aws/delete.go:451.16,453.3 1 0
github.com/NVIDIA/holodeck/pkg/provider/aws/delete.go:455.2,455.33 1 0
github.com/NVIDIA/holodeck/pkg/provider/aws/delete.go:455.33,458.41 2 0
github.com/NVIDIA/holodeck/pkg/provider/aws/delete.go:458.41,459.40 1 0
github.com/NVIDIA/holodeck/pkg/provider/aws/delete.go:459.40,461.5 1 0
github.com/NVIDIA/holodeck/pkg/provider/aws/delete.go:464.2,464.19 1 0
github.com/NVIDIA/holodeck/pkg/provider/aws/delete.go:467.54,477.55 2 0
github.com/NVIDIA/holodeck/pkg/provider/aws/delete.go:477.55,479.49 2 0
github.com/NVIDIA/holodeck/pkg/provider/aws/delete.go:479.49,481.4 1 0
github.com/NVIDIA/holodeck/pkg/provider/aws/delete.go:485.2,493.52 2 0
github.com/NVIDIA/holodeck/pkg/provider/aws/delete.go:493.52,495.46 2 0
github.com/NVIDIA/holodeck/pkg/provider/aws/delete.go:495.46,496.57 1 0
github.com/NVIDIA/holodeck/pkg/provider/aws/delete.go:496.57,498.5 1 0
github.com/NVIDIA/holodeck/pkg/provider/aws/delete.go:503.2,511.49 2 0
github.com/NVIDIA/holodeck/pkg/provider/aws/delete.go:511.49,513.47 2 0
github.com/NVIDIA/holodeck/pkg/provider/aws/delete.go:513.47,515.4 1 0
github.com/NVIDIA/holodeck/pkg/provider/aws/dryrun.go:23.35,28.16 4 1
github.com/NVIDIA/holodeck/pkg/provider/aws/dryrun.go:28.16,31.3 2 1
github.com/NVIDIA/holodeck/pkg/provider/aws/dryrun.go:32.2,38.16 5 1
github.com/NVIDIA/holodeck/pkg/provider/aws/dryrun.go:38.16,41.3 2 1
github.com/NVIDIA/holodeck/pkg/provider/aws/dryrun.go:42.2,44.12 2 1
github.com/NVIDIA/holodeck/pkg/provider/aws/image.go:37.45,37.62 1 1
github.com/NVIDIA/holodeck/pkg/provider/aws/image.go:38.45,38.72 1 1
github.com/NVIDIA/holodeck/pkg/provider/aws/image.go:39.45,39.93 1 1
github.com/NVIDIA/holodeck/pkg/provider/aws/image.go:41.40,43.33 1 1
github.com/NVIDIA/holodeck/pkg/provider/aws/image.go:43.33,45.3 1 1
github.com/NVIDIA/holodeck/pkg/provider/aws/image.go:47.2,47.19 1 1
github.com/NVIDIA/holodeck/pkg/provider/aws/image.go:50.35,52.33 1 1
github.com/NVIDIA/holodeck/pkg/provider/aws/image.go:52.33,54.3 1 1
github.com/NVIDIA/holodeck/pkg/provider/aws/image.go:58.2,59.33 2 1
github.com/NVIDIA/holodeck/pkg/provider/aws/image.go:59.33,61.3 1 0
github.com/NVIDIA/holodeck/pkg/provider/aws/image.go:63.2,66.37 3 1
github.com/NVIDIA/holodeck/pkg/provider/aws/image.go:66.37,67.36 1 0
github.com/NVIDIA/holodeck/pkg/provider/aws/image.go:68.26,69.57 1 0
github.com/NVIDIA/holodeck/pkg/provider/aws/image.go:70.27,71.47 1 0
github.com/NVIDIA/holodeck/pkg/provider/aws/image.go:72.11,73.75 1 0
github.com/NVIDIA/holodeck/pkg/provider/aws/image.go:77.2,77.47 1 1
github.com/NVIDIA/holodeck/pkg/provider/aws/image.go:77.47,79.3 1 0
github.com/NVIDIA/holodeck/pkg/provider/aws/image.go:81.2,97.16 3 1
github.com/NVIDIA/holodeck/pkg/provider/aws/image.go:97.16,99.3 1 1
github.com/NVIDIA/holodeck/pkg/provider/aws/image.go:101.2,101.22 1 1
github.com/NVIDIA/holodeck/pkg/provider/aws/image.go:101.22,103.3 1 0
github.com/NVIDIA/holodeck/pkg/provider/aws/image.go:104.2,104.41 1 1
github.com/NVIDIA/holodeck/pkg/provider/aws/image.go:104.41,106.3 1 1
github.com/NVIDIA/holodeck/pkg/provider/aws/image.go:107.2,109.12 2 1
github.com/NVIDIA/holodeck/pkg/provider/aws/image.go:112.51,114.16 2 1
github.com/NVIDIA/holodeck/pkg/provider/aws/image.go:114.16,115.32 1 1
github.com/NVIDIA/holodeck/pkg/provider/aws/image.go:115.32,116.46 1 1
github.com/NVIDIA/holodeck/pkg/provider/aws/image.go:116.46,118.5 1 1
github.com/NVIDIA/holodeck/pkg/provider/aws/image.go:122.2,122.129 1 1
github.com/NVIDIA/holodeck/pkg/provider/aws/image.go:125.79,129.6 3 1
github.com/NVIDIA/holodeck/pkg/provider/aws/image.go:129.6,135.17 2 1
github.com/NVIDIA/holodeck/pkg/provider/aws/image.go:135.17,137.4 1 1
github.com/NVIDIA/holodeck/pkg/provider/aws/image.go:138.3,138.28 1 1
github.com/NVIDIA/holodeck/pkg/provider/aws/image.go:138.28,140.4 1 1
github.com/NVIDIA/holodeck/pkg/provider/aws/image.go:142.3,142.37 1 1
github.com/NVIDIA/holodeck/pkg/provider/aws/image.go:142.37,147.4 1 1
github.com/NVIDIA/holodeck/pkg/provider/aws/image.go:149.3,149.28 1 1
github.com/NVIDIA/holodeck/pkg/provider/aws/image.go:149.28,151.4 1 0
github.com/NVIDIA/holodeck/pkg/provider/aws/image.go:151.9,152.9 1 1
github.com/NVIDIA/holodeck/pkg/provider/aws/image.go:156.2,156.20 1 1
github.com/NVIDIA/holodeck/pkg/provider/aws/image.go:159.47,162.6 2 1
github.com/NVIDIA/holodeck/pkg/provider/aws/image.go:162.6,165.17 2 1
github.com/NVIDIA/holodeck/pkg/provider/aws/image.go:165.17,167.4 1 0
github.com/NVIDIA/holodeck/pkg/provider/aws/image.go:169.3,169.41 1 1
github.com/NVIDIA/holodeck/pkg/provider/aws/image.go:169.41,170.58 1 1
github.com/NVIDIA/holodeck/pkg/provider/aws/image.go:170.58,172.5 1 1
github.com/NVIDIA/holodeck/pkg/provider/aws/image.go:175.3,175.28 1 1
github.com/NVIDIA/holodeck/pkg/provider/aws/image.go:175.28,177.4 1 0
github.com/NVIDIA/holodeck/pkg/provider/aws/image.go:177.9,178.9 1 1
github.com/NVIDIA/holodeck/pkg/provider/aws/image.go:182.2,182.109 1 1
github.com/NVIDIA/holodeck/pkg/provider/aws/status.go:32.57,35.16 2 0
github.com/NVIDIA/holodeck/pkg/provider/aws/status.go:35.16,37.3 1 0
github.com/NVIDIA/holodeck/pkg/provider/aws/status.go:40.2,42.16 3 0
github.com/NVIDIA/holodeck/pkg/provider/aws/status.go:42.16,44.3 1 0
github.com/NVIDIA/holodeck/pkg/provider/aws/status.go:46.2,46.37 1 0
github.com/NVIDIA/holodeck/pkg/provider/aws/status.go:46.37,48.3 1 0
github.com/NVIDIA/holodeck/pkg/provider/aws/status.go:50.2,50.35 1 0
github.com/NVIDIA/holodeck/pkg/provider/aws/status.go:53.107,61.22 2 0
github.com/NVIDIA/holodeck/pkg/provider/aws/status.go:61.22,63.3 1 0
github.com/NVIDIA/holodeck/pkg/provider/aws/status.go:66.2,71.57 2 0
github.com/NVIDIA/holodeck/pkg/provider/aws/status.go:71.57,73.26 2 0
github.com/NVIDIA/holodeck/pkg/provider/aws/status.go:73.26,75.9 2 0
github.com/NVIDIA/holodeck/pkg/provider/aws/status.go:78.3,80.49 1 0
github.com/NVIDIA/holodeck/pkg/provider/aws/status.go:80.49,82.9 2 0
github.com/NVIDIA/holodeck/pkg/provider/aws/status.go:86.2,86.41 1 0
github.com/NVIDIA/holodeck/pkg/provider/aws/status.go:86.41,98.3 2 0
github.com/NVIDIA/holodeck/pkg/provider/aws/status.go:98.8,99.56 1 0
github.com/NVIDIA/holodeck/pkg/provider/aws/status.go:99.56,100.27 1 0
github.com/NVIDIA/holodeck/pkg/provider/aws/status.go:101.15,102.40 1 0
github.com/NVIDIA/holodeck/pkg/provider/aws/status.go:102.40,105.6 2 0
github.com/NVIDIA/holodeck/pkg/provider/aws/status.go:106.18,107.43 1 0
github.com/NVIDIA/holodeck/pkg/provider/aws/status.go:107.43,110.6 2 0
github.com/NVIDIA/holodeck/pkg/provider/aws/status.go:111.22,112.47 1 0
github.com/NVIDIA/holodeck/pkg/provider/aws/status.go:112.47,115.6 2 0
github.com/NVIDIA/holodeck/pkg/provider/aws/status.go:116.35,117.60 1 0
github.com/NVIDIA/holodeck/pkg/provider/aws/status.go:117.60,120.6 2 0
github.com/NVIDIA/holodeck/pkg/provider/aws/status.go:121.20,122.45 1 0
github.com/NVIDIA/holodeck/pkg/provider/aws/status.go:122.45,125.6 2 0
github.com/NVIDIA/holodeck/pkg/provider/aws/status.go:126.25,127.50 1 0
github.com/NVIDIA/holodeck/pkg/provider/aws/status.go:127.50,130.6 2 0
github.com/NVIDIA/holodeck/pkg/provider/aws/status.go:131.20,132.45 1 0
github.com/NVIDIA/holodeck/pkg/provider/aws/status.go:132.45,135.6 2 0
github.com/NVIDIA/holodeck/pkg/provider/aws/status.go:136.23,137.48 1 0
github.com/NVIDIA/holodeck/pkg/provider/aws/status.go:137.48,140.6 2 0
github.com/NVIDIA/holodeck/pkg/provider/aws/status.go:141.12,143.13 1 0
github.com/NVIDIA/holodeck/pkg/provider/aws/status.go:151.2,151.15 1 0
github.com/NVIDIA/holodeck/pkg/provider/aws/status.go:151.15,153.3 1 0
github.com/NVIDIA/holodeck/pkg/provider/aws/status.go:155.2,155.37 1 0
github.com/NVIDIA/holodeck/pkg/provider/aws/status.go:159.64,161.16 2 0
github.com/NVIDIA/holodeck/pkg/provider/aws/status.go:161.16,163.3 1 0
github.com/NVIDIA/holodeck/pkg/provider/aws/status.go:168.2,168.54 1 0
github.com/NVIDIA/holodeck/pkg/provider/aws/status.go:168.54,170.49 2 0
github.com/NVIDIA/holodeck/pkg/provider/aws/status.go:170.49,172.18 2 0
github.com/NVIDIA/holodeck/pkg/provider/aws/status.go:172.18,174.5 1 0
github.com/NVIDIA/holodeck/pkg/provider/aws/status.go:176.3,177.17 2 0
github.com/NVIDIA/holodeck/pkg/provider/aws/status.go:177.17,179.4 1 0
github.com/NVIDIA/holodeck/pkg/provider/aws/status.go:183.2,184.16 2 0
github.com/NVIDIA/holodeck/pkg/provider/aws/status.go:184.16,186.3 1 0
github.com/NVIDIA/holodeck/pkg/provider/aws/status.go:188.2,188.12 1 0
github.com/NVIDIA/holodeck/pkg/provider/aws/status.go:192.89,194.71 2 0
github.com/NVIDIA/holodeck/pkg/provider/aws/status.go:194.71,196.3 1 0
github.com/NVIDIA/holodeck/pkg/provider/aws/status.go:198.2,198.12 1 0
github.com/NVIDIA/holodeck/pkg/provider/aws/status.go:202.90,204.72 2 0
github.com/NVIDIA/holodeck/pkg/provider/aws/status.go:204.72,206.3 1 0
github.com/NVIDIA/holodeck/pkg/provider/aws/status.go:208.2,208.12 1 0
github.com/NVIDIA/holodeck/pkg/provider/aws/status.go:212.115,214.73 2 0
github.com/NVIDIA/holodeck/pkg/provider/aws/status.go:214.73,216.3 1 0
github.com/NVIDIA/holodeck/pkg/provider/aws/status.go:217.2,217.12 1 0
github.com/NVIDIA/holodeck/pkg/provider/aws/status.go:221.112,223.70 2 0
github.com/NVIDIA/holodeck/pkg/provider/aws/status.go:223.70,225.3 1 0
github.com/NVIDIA/holodeck/pkg/provider/aws/status.go:227.2,227.12 1 0
github.com/NVIDIA/holodeck/pkg/provider/aws/status.go:233.50,257.2 2 0
github.com/NVIDIA/holodeck/pkg/provider/aws/status.go:262.78,290.2 2 0
github.com/NVIDIA/holodeck/pkg/provider/aws/status.go:295.81,323.2 2 0
github.com/NVIDIA/holodeck/pkg/provider/aws/status.go:328.80,354.2 2 0
github.com/NVIDIA/holodeck/pkg/provider/aws/update.go:28.91,33.25 4 0
github.com/NVIDIA/holodeck/pkg/provider/aws/update.go:33.25,38.3 1 0
github.com/NVIDIA/holodeck/pkg/provider/aws/update.go:40.2,46.16 3 0
github.com/NVIDIA/holodeck/pkg/provider/aws/update.go:46.16,49.3 2 0
github.com/NVIDIA/holodeck/pkg/provider/aws/update.go:50.2,52.12 2 0
