mode: set
github.com/NVIDIA/holodeck/cmd/cli/create/create.go:55.53,60.2 2 1
github.com/NVIDIA/holodeck/cmd/cli/create/create.go:62.39,95.38 2 1
github.com/NVIDIA/holodeck/cmd/cli/create/create.go:95.38,99.18 3 1
github.com/NVIDIA/holodeck/cmd/cli/create/create.go:99.18,101.5 1 1
github.com/NVIDIA/holodeck/cmd/cli/create/create.go:104.4,104.49 1 1
github.com/NVIDIA/holodeck/cmd/cli/create/create.go:104.49,106.5 1 1
github.com/NVIDIA/holodeck/cmd/cli/create/create.go:108.4,108.14 1 1
github.com/NVIDIA/holodeck/cmd/cli/create/create.go:110.38,112.4 1 1
github.com/NVIDIA/holodeck/cmd/cli/create/create.go:115.2,115.16 1 1
github.com/NVIDIA/holodeck/cmd/cli/create/create.go:118.59,128.28 6 1
github.com/NVIDIA/holodeck/cmd/cli/create/create.go:128.28,130.3 1 1
github.com/NVIDIA/holodeck/cmd/cli/create/create.go:131.2,134.32 3 1
github.com/NVIDIA/holodeck/cmd/cli/create/create.go:135.28,136.35 1 1
github.com/NVIDIA/holodeck/cmd/cli/create/create.go:136.35,146.4 1 0
github.com/NVIDIA/holodeck/cmd/cli/create/create.go:147.3,148.17 2 1
github.com/NVIDIA/holodeck/cmd/cli/create/create.go:148.17,150.4 1 0
github.com/NVIDIA/holodeck/cmd/cli/create/create.go:152.28,153.35 1 0
github.com/NVIDIA/holodeck/cmd/cli/create/create.go:153.35,155.4 1 0
github.com/NVIDIA/holodeck/cmd/cli/create/create.go:156.3,157.24 2 0
github.com/NVIDIA/holodeck/cmd/cli/create/create.go:160.2,161.16 2 1
github.com/NVIDIA/holodeck/cmd/cli/create/create.go:161.16,163.3 1 1
github.com/NVIDIA/holodeck/cmd/cli/create/create.go:166.2,167.16 2 0
github.com/NVIDIA/holodeck/cmd/cli/create/create.go:167.16,169.3 1 0
github.com/NVIDIA/holodeck/cmd/cli/create/create.go:171.2,171.20 1 0
github.com/NVIDIA/holodeck/cmd/cli/create/create.go:171.20,173.17 2 0
github.com/NVIDIA/holodeck/cmd/cli/create/create.go:173.17,176.4 1 0
github.com/NVIDIA/holodeck/cmd/cli/create/create.go:180.2,181.12 2 0
github.com/NVIDIA/holodeck/cmd/cli/create/create.go:184.72,189.52 3 1
github.com/NVIDIA/holodeck/cmd/cli/create/create.go:189.52,190.50 1 1
github.com/NVIDIA/holodeck/cmd/cli/create/create.go:190.50,191.35 1 1
github.com/NVIDIA/holodeck/cmd/cli/create/create.go:191.35,193.10 2 1
github.com/NVIDIA/holodeck/cmd/cli/create/create.go:196.8,196.59 1 1
github.com/NVIDIA/holodeck/cmd/cli/create/create.go:196.59,198.3 1 1
github.com/NVIDIA/holodeck/cmd/cli/create/create.go:201.2,201.91 1 1
github.com/NVIDIA/holodeck/cmd/cli/create/create.go:201.91,205.3 3 1
github.com/NVIDIA/holodeck/cmd/cli/create/create.go:208.2,208.9 1 1
github.com/NVIDIA/holodeck/cmd/cli/create/create.go:209.83,212.17 2 1
github.com/NVIDIA/holodeck/cmd/cli/create/create.go:212.17,214.4 1 0
github.com/NVIDIA/holodeck/cmd/cli/create/create.go:217.3,217.45 1 1
github.com/NVIDIA/holodeck/cmd/cli/create/create.go:217.45,226.4 8 1
github.com/NVIDIA/holodeck/cmd/cli/create/create.go:227.180,229.125 2 1
github.com/NVIDIA/holodeck/cmd/cli/create/create.go:230.59,232.99 2 1
github.com/NVIDIA/holodeck/cmd/cli/create/create.go:236.2,239.68 4 1
github.com/NVIDIA/holodeck/cmd/cli/create/create.go:242.98,246.81 2 1
github.com/NVIDIA/holodeck/cmd/cli/create/create.go:246.81,252.3 5 1
github.com/NVIDIA/holodeck/cmd/cli/create/create.go:255.2,259.16 4 0
github.com/NVIDIA/holodeck/cmd/cli/create/create.go:259.16,262.3 2 0
github.com/NVIDIA/holodeck/cmd/cli/create/create.go:264.2,266.42 2 0
github.com/NVIDIA/holodeck/cmd/cli/create/create.go:266.42,271.60 3 0
github.com/NVIDIA/holodeck/cmd/cli/create/create.go:271.60,274.4 2 0
github.com/NVIDIA/holodeck/cmd/cli/create/create.go:276.3,277.86 2 0
github.com/NVIDIA/holodeck/cmd/cli/create/create.go:280.2,280.63 1 0
github.com/NVIDIA/holodeck/cmd/cli/create/create.go:283.91,299.2 13 1
github.com/NVIDIA/holodeck/cmd/cli/create/create.go:301.63,306.52 3 0
github.com/NVIDIA/holodeck/cmd/cli/create/create.go:306.52,307.50 1 0
github.com/NVIDIA/holodeck/cmd/cli/create/create.go:307.50,308.35 1 0
github.com/NVIDIA/holodeck/cmd/cli/create/create.go:308.35,310.10 2 0
github.com/NVIDIA/holodeck/cmd/cli/create/create.go:313.8,313.59 1 0
github.com/NVIDIA/holodeck/cmd/cli/create/create.go:313.59,315.3 1 0
github.com/NVIDIA/holodeck/cmd/cli/create/create.go:317.2,318.16 2 0
github.com/NVIDIA/holodeck/cmd/cli/create/create.go:318.16,320.3 1 0
github.com/NVIDIA/holodeck/cmd/cli/create/create.go:321.2,326.39 3 0
github.com/NVIDIA/holodeck/cmd/cli/create/create.go:326.39,338.17 3 0
github.com/NVIDIA/holodeck/cmd/cli/create/create.go:338.17,340.4 1 0
github.com/NVIDIA/holodeck/cmd/cli/create/create.go:341.3,341.66 1 0
github.com/NVIDIA/holodeck/cmd/cli/create/create.go:341.66,343.4 1 0
github.com/NVIDIA/holodeck/cmd/cli/create/create.go:344.3,344.58 1 0
github.com/NVIDIA/holodeck/cmd/cli/create/create.go:348.2,350.16 3 0
github.com/NVIDIA/holodeck/cmd/cli/create/create.go:350.16,352.3 1 0
github.com/NVIDIA/holodeck/cmd/cli/create/create.go:353.2,353.65 1 0
github.com/NVIDIA/holodeck/cmd/cli/create/create.go:353.65,355.3 1 0
github.com/NVIDIA/holodeck/cmd/cli/create/create.go:358.2,358.110 1 0
github.com/NVIDIA/holodeck/cmd/cli/create/create.go:358.110,359.123 1 0
github.com/NVIDIA/holodeck/cmd/cli/create/create.go:359.123,362.4 2 0
github.com/NVIDIA/holodeck/cmd/cli/create/create.go:364.3,364.88 1 0
github.com/NVIDIA/holodeck/cmd/cli/create/create.go:364.88,366.4 1 0
github.com/NVIDIA/holodeck/cmd/cli/create/create.go:369.2,369.12 1 0
