mode: set
github.com/NVIDIA/holodeck/cmd/cli/list/list.go:38.53,43.2 2 1
github.com/NVIDIA/holodeck/cmd/cli/list/list.go:45.40,69.2 2 1
github.com/NVIDIA/holodeck/cmd/cli/list/list.go:71.45,74.16 3 1
github.com/NVIDIA/holodeck/cmd/cli/list/list.go:74.16,76.3 1 1
github.com/NVIDIA/holodeck/cmd/cli/list/list.go:78.2,78.25 1 1
github.com/NVIDIA/holodeck/cmd/cli/list/list.go:78.25,81.3 2 1
github.com/NVIDIA/holodeck/cmd/cli/list/list.go:84.2,84.13 1 1
github.com/NVIDIA/holodeck/cmd/cli/list/list.go:84.13,85.38 1 1
github.com/NVIDIA/holodeck/cmd/cli/list/list.go:85.38,86.25 1 1
github.com/NVIDIA/holodeck/cmd/cli/list/list.go:86.25,87.13 1 0
github.com/NVIDIA/holodeck/cmd/cli/list/list.go:89.4,89.28 1 1
github.com/NVIDIA/holodeck/cmd/cli/list/list.go:91.3,91.13 1 1
github.com/NVIDIA/holodeck/cmd/cli/list/list.go:95.2,96.109 2 1
github.com/NVIDIA/holodeck/cmd/cli/list/list.go:96.109,98.3 1 0
github.com/NVIDIA/holodeck/cmd/cli/list/list.go:100.2,100.37 1 1
github.com/NVIDIA/holodeck/cmd/cli/list/list.go:100.37,102.24 1 1
github.com/NVIDIA/holodeck/cmd/cli/list/list.go:102.24,103.12 1 0
github.com/NVIDIA/holodeck/cmd/cli/list/list.go:106.3,115.17 2 1
github.com/NVIDIA/holodeck/cmd/cli/list/list.go:115.17,117.4 1 0
github.com/NVIDIA/holodeck/cmd/cli/list/list.go:119.2,119.34 1 1
github.com/NVIDIA/holodeck/cmd/cli/list/list.go:119.34,121.3 1 0
github.com/NVIDIA/holodeck/cmd/cli/list/list.go:123.2,123.12 1 1
