mode: set
github.com/NVIDIA/holodeck/pkg/provisioner/templates/container-toolkit.go:532.79,534.19 2 1
github.com/NVIDIA/holodeck/pkg/provisioner/templates/container-toolkit.go:534.19,536.3 1 1
github.com/NVIDIA/holodeck/pkg/provisioner/templates/container-toolkit.go:538.2,547.22 3 1
github.com/NVIDIA/holodeck/pkg/provisioner/templates/container-toolkit.go:547.22,549.3 1 1
github.com/NVIDIA/holodeck/pkg/provisioner/templates/container-toolkit.go:551.2,551.20 1 1
github.com/NVIDIA/holodeck/pkg/provisioner/templates/container-toolkit.go:552.17,553.25 1 1
github.com/NVIDIA/holodeck/pkg/provisioner/templates/container-toolkit.go:553.25,556.4 2 1
github.com/NVIDIA/holodeck/pkg/provisioner/templates/container-toolkit.go:556.9,556.31 1 1
github.com/NVIDIA/holodeck/pkg/provisioner/templates/container-toolkit.go:556.31,559.4 1 1
github.com/NVIDIA/holodeck/pkg/provisioner/templates/container-toolkit.go:560.3,560.24 1 1
github.com/NVIDIA/holodeck/pkg/provisioner/templates/container-toolkit.go:560.24,562.4 1 1
github.com/NVIDIA/holodeck/pkg/provisioner/templates/container-toolkit.go:564.13,565.21 1 1
github.com/NVIDIA/holodeck/pkg/provisioner/templates/container-toolkit.go:565.21,567.4 1 1
github.com/NVIDIA/holodeck/pkg/provisioner/templates/container-toolkit.go:568.3,570.24 3 1
github.com/NVIDIA/holodeck/pkg/provisioner/templates/container-toolkit.go:570.24,572.4 1 1
github.com/NVIDIA/holodeck/pkg/provisioner/templates/container-toolkit.go:574.16,577.24 3 1
github.com/NVIDIA/holodeck/pkg/provisioner/templates/container-toolkit.go:577.24,578.30 1 1
github.com/NVIDIA/holodeck/pkg/provisioner/templates/container-toolkit.go:578.30,580.5 1 1
github.com/NVIDIA/holodeck/pkg/provisioner/templates/container-toolkit.go:581.4,581.29 1 1
github.com/NVIDIA/holodeck/pkg/provisioner/templates/container-toolkit.go:581.29,583.5 1 0
github.com/NVIDIA/holodeck/pkg/provisioner/templates/container-toolkit.go:587.2,587.17 1 1
github.com/NVIDIA/holodeck/pkg/provisioner/templates/container-toolkit.go:591.63,593.2 1 1
github.com/NVIDIA/holodeck/pkg/provisioner/templates/container-toolkit.go:596.87,599.18 2 1
github.com/NVIDIA/holodeck/pkg/provisioner/templates/container-toolkit.go:600.21,601.52 1 1
github.com/NVIDIA/holodeck/pkg/provisioner/templates/container-toolkit.go:602.13,603.48 1 1
github.com/NVIDIA/holodeck/pkg/provisioner/templates/container-toolkit.go:604.16,605.51 1 1
github.com/NVIDIA/holodeck/pkg/provisioner/templates/container-toolkit.go:606.10,607.56 1 0
github.com/NVIDIA/holodeck/pkg/provisioner/templates/container-toolkit.go:610.2,611.45 2 1
github.com/NVIDIA/holodeck/pkg/provisioner/templates/container-toolkit.go:611.45,613.3 1 0
github.com/NVIDIA/holodeck/pkg/provisioner/templates/container-toolkit.go:615.2,615.12 1 1
github.com/NVIDIA/holodeck/pkg/provisioner/templates/containerd.go:324.58,327.45 2 1
github.com/NVIDIA/holodeck/pkg/provisioner/templates/containerd.go:327.45,329.3 1 1
github.com/NVIDIA/holodeck/pkg/provisioner/templates/containerd.go:329.8,332.3 1 1
github.com/NVIDIA/holodeck/pkg/provisioner/templates/containerd.go:335.2,337.20 3 1
github.com/NVIDIA/holodeck/pkg/provisioner/templates/containerd.go:337.20,338.38 1 1
github.com/NVIDIA/holodeck/pkg/provisioner/templates/containerd.go:338.38,341.22 2 1
github.com/NVIDIA/holodeck/pkg/provisioner/templates/containerd.go:341.22,343.5 1 0
github.com/NVIDIA/holodeck/pkg/provisioner/templates/containerd.go:347.2,350.3 1 1
github.com/NVIDIA/holodeck/pkg/provisioner/templates/containerd.go:353.81,356.24 2 1
github.com/NVIDIA/holodeck/pkg/provisioner/templates/containerd.go:357.9,358.41 1 1
github.com/NVIDIA/holodeck/pkg/provisioner/templates/containerd.go:359.10,360.41 1 1
github.com/NVIDIA/holodeck/pkg/provisioner/templates/containerd.go:363.2,365.16 3 1
github.com/NVIDIA/holodeck/pkg/provisioner/templates/containerd.go:365.16,367.3 1 0
github.com/NVIDIA/holodeck/pkg/provisioner/templates/containerd.go:368.2,368.12 1 1
github.com/NVIDIA/holodeck/pkg/provisioner/templates/crio.go:121.46,125.2 1 1
github.com/NVIDIA/holodeck/pkg/provisioner/templates/crio.go:127.75,129.53 2 1
github.com/NVIDIA/holodeck/pkg/provisioner/templates/crio.go:129.53,131.3 1 0
github.com/NVIDIA/holodeck/pkg/provisioner/templates/crio.go:133.2,133.12 1 1
github.com/NVIDIA/holodeck/pkg/provisioner/templates/docker.go:233.50,236.45 2 1
github.com/NVIDIA/holodeck/pkg/provisioner/templates/docker.go:236.45,238.3 1 1
github.com/NVIDIA/holodeck/pkg/provisioner/templates/docker.go:238.8,240.3 1 1
github.com/NVIDIA/holodeck/pkg/provisioner/templates/docker.go:241.2,243.3 1 1
github.com/NVIDIA/holodeck/pkg/provisioner/templates/docker.go:246.77,248.55 2 1
github.com/NVIDIA/holodeck/pkg/provisioner/templates/docker.go:248.55,250.3 1 0
github.com/NVIDIA/holodeck/pkg/provisioner/templates/docker.go:252.2,252.12 1 1
github.com/NVIDIA/holodeck/pkg/provisioner/templates/kernel.go:104.73,106.16 2 1
github.com/NVIDIA/holodeck/pkg/provisioner/templates/kernel.go:106.16,108.3 1 0
github.com/NVIDIA/holodeck/pkg/provisioner/templates/kernel.go:110.2,111.48 2 1
github.com/NVIDIA/holodeck/pkg/provisioner/templates/kernel.go:111.48,113.3 1 0
github.com/NVIDIA/holodeck/pkg/provisioner/templates/kernel.go:115.2,115.18 1 1
github.com/NVIDIA/holodeck/pkg/provisioner/templates/kubernetes.go:513.67,517.9 2 1
github.com/NVIDIA/holodeck/pkg/provisioner/templates/kubernetes.go:518.51,519.48 1 0
github.com/NVIDIA/holodeck/pkg/provisioner/templates/kubernetes.go:520.70,521.67 1 0
github.com/NVIDIA/holodeck/pkg/provisioner/templates/kubernetes.go:522.10,523.61 1 1
github.com/NVIDIA/holodeck/pkg/provisioner/templates/kubernetes.go:525.2,525.53 1 1
github.com/NVIDIA/holodeck/pkg/provisioner/templates/kubernetes.go:525.53,527.3 1 1
github.com/NVIDIA/holodeck/pkg/provisioner/templates/kubernetes.go:527.8,529.3 1 1
github.com/NVIDIA/holodeck/pkg/provisioner/templates/kubernetes.go:530.2,530.36 1 1
github.com/NVIDIA/holodeck/pkg/provisioner/templates/kubernetes.go:530.36,532.3 1 1
github.com/NVIDIA/holodeck/pkg/provisioner/templates/kubernetes.go:532.8,534.3 1 1
github.com/NVIDIA/holodeck/pkg/provisioner/templates/kubernetes.go:535.2,535.49 1 1
github.com/NVIDIA/holodeck/pkg/provisioner/templates/kubernetes.go:535.49,537.3 1 1
github.com/NVIDIA/holodeck/pkg/provisioner/templates/kubernetes.go:537.8,539.3 1 1
github.com/NVIDIA/holodeck/pkg/provisioner/templates/kubernetes.go:540.2,540.45 1 1
github.com/NVIDIA/holodeck/pkg/provisioner/templates/kubernetes.go:540.45,542.3 1 1
github.com/NVIDIA/holodeck/pkg/provisioner/templates/kubernetes.go:542.8,544.3 1 1
github.com/NVIDIA/holodeck/pkg/provisioner/templates/kubernetes.go:545.2,545.45 1 1
github.com/NVIDIA/holodeck/pkg/provisioner/templates/kubernetes.go:545.45,547.3 1 1
github.com/NVIDIA/holodeck/pkg/provisioner/templates/kubernetes.go:547.8,549.3 1 1
github.com/NVIDIA/holodeck/pkg/provisioner/templates/kubernetes.go:550.2,550.47 1 1
github.com/NVIDIA/holodeck/pkg/provisioner/templates/kubernetes.go:550.47,552.3 1 1
github.com/NVIDIA/holodeck/pkg/provisioner/templates/kubernetes.go:553.2,553.48 1 1
github.com/NVIDIA/holodeck/pkg/provisioner/templates/kubernetes.go:553.48,555.3 1 1
github.com/NVIDIA/holodeck/pkg/provisioner/templates/kubernetes.go:556.2,556.42 1 1
github.com/NVIDIA/holodeck/pkg/provisioner/templates/kubernetes.go:556.42,558.3 1 0
github.com/NVIDIA/holodeck/pkg/provisioner/templates/kubernetes.go:561.2,565.16 3 1
github.com/NVIDIA/holodeck/pkg/provisioner/templates/kubernetes.go:565.16,567.3 1 0
github.com/NVIDIA/holodeck/pkg/provisioner/templates/kubernetes.go:568.2,570.24 2 1
github.com/NVIDIA/holodeck/pkg/provisioner/templates/kubernetes.go:573.81,576.49 2 1
github.com/NVIDIA/holodeck/pkg/provisioner/templates/kubernetes.go:577.17,578.85 1 1
github.com/NVIDIA/holodeck/pkg/provisioner/templates/kubernetes.go:579.14,580.79 1 1
github.com/NVIDIA/holodeck/pkg/provisioner/templates/kubernetes.go:581.18,582.87 1 1
github.com/NVIDIA/holodeck/pkg/provisioner/templates/kubernetes.go:583.10,584.96 1 1
github.com/NVIDIA/holodeck/pkg/provisioner/templates/kubernetes.go:587.2,588.16 2 1
github.com/NVIDIA/holodeck/pkg/provisioner/templates/kubernetes.go:588.16,590.3 1 0
github.com/NVIDIA/holodeck/pkg/provisioner/templates/kubernetes.go:592.2,592.12 1 1
github.com/NVIDIA/holodeck/pkg/provisioner/templates/kubernetes.go:596.73,601.16 3 1
github.com/NVIDIA/holodeck/pkg/provisioner/templates/kubernetes.go:601.16,603.3 1 1
github.com/NVIDIA/holodeck/pkg/provisioner/templates/kubernetes.go:605.2,616.49 2 1
github.com/NVIDIA/holodeck/pkg/provisioner/templates/kubernetes.go:616.49,618.3 1 1
github.com/NVIDIA/holodeck/pkg/provisioner/templates/kubernetes.go:620.2,620.45 1 1
github.com/NVIDIA/holodeck/pkg/provisioner/templates/kubernetes.go:620.45,625.41 2 0
github.com/NVIDIA/holodeck/pkg/provisioner/templates/kubernetes.go:625.41,627.18 2 0
github.com/NVIDIA/holodeck/pkg/provisioner/templates/kubernetes.go:627.18,629.5 1 0
github.com/NVIDIA/holodeck/pkg/provisioner/templates/kubernetes.go:631.4,631.103 1 0
github.com/NVIDIA/holodeck/pkg/provisioner/templates/kubernetes.go:633.3,634.17 2 0
github.com/NVIDIA/holodeck/pkg/provisioner/templates/kubernetes.go:634.17,636.4 1 0
github.com/NVIDIA/holodeck/pkg/provisioner/templates/kubernetes.go:638.3,638.34 1 0
github.com/NVIDIA/holodeck/pkg/provisioner/templates/kubernetes.go:640.8,642.3 1 1
github.com/NVIDIA/holodeck/pkg/provisioner/templates/kubernetes.go:644.2,644.21 1 1
github.com/NVIDIA/holodeck/pkg/provisioner/templates/kubernetes.go:648.63,650.26 2 1
github.com/NVIDIA/holodeck/pkg/provisioner/templates/kubernetes.go:650.26,652.3 1 1
github.com/NVIDIA/holodeck/pkg/provisioner/templates/kubernetes.go:654.2,654.56 1 1
github.com/NVIDIA/holodeck/pkg/provisioner/templates/kubernetes.go:654.56,656.22 2 1
github.com/NVIDIA/holodeck/pkg/provisioner/templates/kubernetes.go:656.22,658.4 1 1
github.com/NVIDIA/holodeck/pkg/provisioner/templates/kubernetes.go:660.2,660.15 1 1
github.com/NVIDIA/holodeck/pkg/provisioner/templates/kubernetes.go:664.65,676.16 3 1
github.com/NVIDIA/holodeck/pkg/provisioner/templates/kubernetes.go:676.16,678.3 1 1
github.com/NVIDIA/holodeck/pkg/provisioner/templates/kubernetes.go:680.2,681.52 2 1
github.com/NVIDIA/holodeck/pkg/provisioner/templates/kubernetes.go:681.52,683.3 1 0
github.com/NVIDIA/holodeck/pkg/provisioner/templates/kubernetes.go:685.2,685.29 1 1
github.com/NVIDIA/holodeck/pkg/provisioner/templates/kubernetes.go:689.51,690.17 1 1
github.com/NVIDIA/holodeck/pkg/provisioner/templates/kubernetes.go:691.16,692.45 1 1
github.com/NVIDIA/holodeck/pkg/provisioner/templates/kubernetes.go:693.20,694.55 1 1
github.com/NVIDIA/holodeck/pkg/provisioner/templates/kubernetes.go:695.14,696.43 1 1
github.com/NVIDIA/holodeck/pkg/provisioner/templates/kubernetes.go:697.10,698.70 1 1
github.com/NVIDIA/holodeck/pkg/provisioner/templates/kubernetes.go:704.53,710.20 3 1
github.com/NVIDIA/holodeck/pkg/provisioner/templates/kubernetes.go:710.20,712.3 1 1
github.com/NVIDIA/holodeck/pkg/provisioner/templates/kubernetes.go:715.2,719.48 3 1
github.com/NVIDIA/holodeck/pkg/provisioner/templates/nv-driver.go:155.54,164.53 5 1
github.com/NVIDIA/holodeck/pkg/provisioner/templates/nv-driver.go:164.53,166.3 1 1
github.com/NVIDIA/holodeck/pkg/provisioner/templates/nv-driver.go:168.2,168.18 1 1
github.com/NVIDIA/holodeck/pkg/provisioner/templates/nv-driver.go:171.79,174.16 3 1
github.com/NVIDIA/holodeck/pkg/provisioner/templates/nv-driver.go:174.16,176.3 1 0
github.com/NVIDIA/holodeck/pkg/provisioner/templates/nv-driver.go:177.2,177.12 1 1
github.com/NVIDIA/holodeck/pkg/provisioner/dependency.go:57.66,60.2 2 1
github.com/NVIDIA/holodeck/pkg/provisioner/dependency.go:62.64,65.2 2 1
github.com/NVIDIA/holodeck/pkg/provisioner/dependency.go:67.68,70.2 2 1
github.com/NVIDIA/holodeck/pkg/provisioner/dependency.go:72.62,75.2 2 1
github.com/NVIDIA/holodeck/pkg/provisioner/dependency.go:77.74,79.16 2 1
github.com/NVIDIA/holodeck/pkg/provisioner/dependency.go:79.16,81.3 1 0
github.com/NVIDIA/holodeck/pkg/provisioner/dependency.go:84.2,84.51 1 1
github.com/NVIDIA/holodeck/pkg/provisioner/dependency.go:84.51,91.26 5 0
github.com/NVIDIA/holodeck/pkg/provisioner/dependency.go:91.26,93.4 1 0
github.com/NVIDIA/holodeck/pkg/provisioner/dependency.go:93.9,95.4 1 0
github.com/NVIDIA/holodeck/pkg/provisioner/dependency.go:97.3,98.17 2 0
github.com/NVIDIA/holodeck/pkg/provisioner/dependency.go:98.17,100.4 1 0
github.com/NVIDIA/holodeck/pkg/provisioner/dependency.go:101.3,101.34 1 0
github.com/NVIDIA/holodeck/pkg/provisioner/dependency.go:104.2,104.30 1 1
github.com/NVIDIA/holodeck/pkg/provisioner/dependency.go:107.65,109.16 2 1
github.com/NVIDIA/holodeck/pkg/provisioner/dependency.go:109.16,111.3 1 0
github.com/NVIDIA/holodeck/pkg/provisioner/dependency.go:112.2,112.37 1 1
github.com/NVIDIA/holodeck/pkg/provisioner/dependency.go:115.66,117.16 2 1
github.com/NVIDIA/holodeck/pkg/provisioner/dependency.go:117.16,119.3 1 0
github.com/NVIDIA/holodeck/pkg/provisioner/dependency.go:120.2,120.35 1 1
github.com/NVIDIA/holodeck/pkg/provisioner/dependency.go:123.62,125.16 2 1
github.com/NVIDIA/holodeck/pkg/provisioner/dependency.go:125.16,127.3 1 0
github.com/NVIDIA/holodeck/pkg/provisioner/dependency.go:128.2,128.31 1 1
github.com/NVIDIA/holodeck/pkg/provisioner/dependency.go:131.64,133.16 2 1
github.com/NVIDIA/holodeck/pkg/provisioner/dependency.go:133.16,135.3 1 0
github.com/NVIDIA/holodeck/pkg/provisioner/dependency.go:136.2,137.12 2 1
github.com/NVIDIA/holodeck/pkg/provisioner/dependency.go:157.68,162.2 1 1
github.com/NVIDIA/holodeck/pkg/provisioner/dependency.go:164.47,165.51 1 1
github.com/NVIDIA/holodeck/pkg/provisioner/dependency.go:166.24,167.71 1 1
github.com/NVIDIA/holodeck/pkg/provisioner/dependency.go:168.21,169.68 1 1
github.com/NVIDIA/holodeck/pkg/provisioner/dependency.go:170.25,173.72 2 1
github.com/NVIDIA/holodeck/pkg/provisioner/dependency.go:174.10,176.71 1 1
github.com/NVIDIA/holodeck/pkg/provisioner/dependency.go:180.53,181.42 1 1
github.com/NVIDIA/holodeck/pkg/provisioner/dependency.go:182.25,183.72 1 1
github.com/NVIDIA/holodeck/pkg/provisioner/dependency.go:184.19,185.66 1 1
github.com/NVIDIA/holodeck/pkg/provisioner/dependency.go:186.21,187.68 1 1
github.com/NVIDIA/holodeck/pkg/provisioner/dependency.go:188.10,190.72 1 1
github.com/NVIDIA/holodeck/pkg/provisioner/dependency.go:194.53,196.2 1 1
github.com/NVIDIA/holodeck/pkg/provisioner/dependency.go:198.45,200.2 1 1
github.com/NVIDIA/holodeck/pkg/provisioner/dependency.go:202.43,204.2 1 1
github.com/NVIDIA/holodeck/pkg/provisioner/dependency.go:207.56,209.37 1 1
github.com/NVIDIA/holodeck/pkg/provisioner/dependency.go:209.37,211.3 1 1
github.com/NVIDIA/holodeck/pkg/provisioner/dependency.go:214.2,214.37 1 1
github.com/NVIDIA/holodeck/pkg/provisioner/dependency.go:214.37,216.3 1 1
github.com/NVIDIA/holodeck/pkg/provisioner/dependency.go:219.2,219.41 1 1
github.com/NVIDIA/holodeck/pkg/provisioner/dependency.go:219.41,221.3 1 1
github.com/NVIDIA/holodeck/pkg/provisioner/dependency.go:224.2,224.47 1 1
github.com/NVIDIA/holodeck/pkg/provisioner/dependency.go:224.47,226.3 1 1
github.com/NVIDIA/holodeck/pkg/provisioner/dependency.go:229.2,229.35 1 1
github.com/NVIDIA/holodeck/pkg/provisioner/dependency.go:229.35,231.3 1 1
github.com/NVIDIA/holodeck/pkg/provisioner/dependency.go:233.2,233.23 1 1
github.com/NVIDIA/holodeck/pkg/provisioner/dryrun.go:28.79,31.18 3 1
github.com/NVIDIA/holodeck/pkg/provisioner/dryrun.go:31.18,33.3 1 1
github.com/NVIDIA/holodeck/pkg/provisioner/dryrun.go:35.2,35.16 1 1
github.com/NVIDIA/holodeck/pkg/provisioner/dryrun.go:36.33,37.10 1 1
github.com/NVIDIA/holodeck/pkg/provisioner/dryrun.go:38.56,39.70 1 1
github.com/NVIDIA/holodeck/pkg/provisioner/dryrun.go:40.26,41.76 1 1
github.com/NVIDIA/holodeck/pkg/provisioner/dryrun.go:42.11,43.44 1 1
github.com/NVIDIA/holodeck/pkg/provisioner/dryrun.go:46.29,47.21 1 1
github.com/NVIDIA/holodeck/pkg/provisioner/dryrun.go:47.21,49.4 1 1
github.com/NVIDIA/holodeck/pkg/provisioner/dryrun.go:50.3,50.24 1 1
github.com/NVIDIA/holodeck/pkg/provisioner/dryrun.go:50.24,52.4 1 1
github.com/NVIDIA/holodeck/pkg/provisioner/dryrun.go:53.3,54.17 2 1
github.com/NVIDIA/holodeck/pkg/provisioner/dryrun.go:54.17,56.4 1 1
github.com/NVIDIA/holodeck/pkg/provisioner/dryrun.go:57.3,57.69 1 1
github.com/NVIDIA/holodeck/pkg/provisioner/dryrun.go:59.32,62.24 3 1
github.com/NVIDIA/holodeck/pkg/provisioner/dryrun.go:62.24,63.30 1 1
github.com/NVIDIA/holodeck/pkg/provisioner/dryrun.go:63.30,65.5 1 1
github.com/NVIDIA/holodeck/pkg/provisioner/dryrun.go:66.4,66.29 1 1
github.com/NVIDIA/holodeck/pkg/provisioner/dryrun.go:66.29,68.5 1 1
github.com/NVIDIA/holodeck/pkg/provisioner/dryrun.go:70.3,70.69 1 1
github.com/NVIDIA/holodeck/pkg/provisioner/dryrun.go:72.10,73.54 1 1
github.com/NVIDIA/holodeck/pkg/provisioner/dryrun.go:76.2,76.12 1 1
github.com/NVIDIA/holodeck/pkg/provisioner/dryrun.go:80.68,86.89 3 1
github.com/NVIDIA/holodeck/pkg/provisioner/dryrun.go:86.89,88.50 1 1
github.com/NVIDIA/holodeck/pkg/provisioner/dryrun.go:88.50,89.70 1 1
github.com/NVIDIA/holodeck/pkg/provisioner/dryrun.go:89.70,92.5 2 1
github.com/NVIDIA/holodeck/pkg/provisioner/dryrun.go:96.2,96.39 1 1
github.com/NVIDIA/holodeck/pkg/provisioner/dryrun.go:96.39,97.43 1 1
github.com/NVIDIA/holodeck/pkg/provisioner/dryrun.go:97.43,99.4 1 1
github.com/NVIDIA/holodeck/pkg/provisioner/dryrun.go:99.9,101.70 1 1
github.com/NVIDIA/holodeck/pkg/provisioner/dryrun.go:101.70,104.4 2 1
github.com/NVIDIA/holodeck/pkg/provisioner/dryrun.go:108.2,108.45 1 1
github.com/NVIDIA/holodeck/pkg/provisioner/dryrun.go:108.45,109.53 1 1
github.com/NVIDIA/holodeck/pkg/provisioner/dryrun.go:109.53,112.4 2 1
github.com/NVIDIA/holodeck/pkg/provisioner/dryrun.go:115.2,118.12 3 1
github.com/NVIDIA/holodeck/pkg/provisioner/provisioner.go:58.90,60.16 2 0
github.com/NVIDIA/holodeck/pkg/provisioner/provisioner.go:60.16,62.3 1 0
github.com/NVIDIA/holodeck/pkg/provisioner/provisioner.go:64.2,73.15 2 0
github.com/NVIDIA/holodeck/pkg/provisioner/provisioner.go:77.49,81.21 2 0
github.com/NVIDIA/holodeck/pkg/provisioner/provisioner.go:81.21,84.17 2 0
github.com/NVIDIA/holodeck/pkg/provisioner/provisioner.go:84.17,87.43 2 0
github.com/NVIDIA/holodeck/pkg/provisioner/provisioner.go:87.43,89.5 1 0
github.com/NVIDIA/holodeck/pkg/provisioner/provisioner.go:92.3,92.17 1 0
github.com/NVIDIA/holodeck/pkg/provisioner/provisioner.go:96.2,99.34 3 0
github.com/NVIDIA/holodeck/pkg/provisioner/provisioner.go:99.34,105.17 4 0
github.com/NVIDIA/holodeck/pkg/provisioner/provisioner.go:105.17,109.4 3 0
github.com/NVIDIA/holodeck/pkg/provisioner/provisioner.go:111.3,111.24 1 0
github.com/NVIDIA/holodeck/pkg/provisioner/provisioner.go:111.24,113.4 1 0
github.com/NVIDIA/holodeck/pkg/provisioner/provisioner.go:116.2,116.12 1 0
github.com/NVIDIA/holodeck/pkg/provisioner/provisioner.go:119.59,123.58 2 0
github.com/NVIDIA/holodeck/pkg/provisioner/provisioner.go:123.58,129.17 3 0
github.com/NVIDIA/holodeck/pkg/provisioner/provisioner.go:129.17,131.4 1 0
github.com/NVIDIA/holodeck/pkg/provisioner/provisioner.go:134.3,134.32 1 0
github.com/NVIDIA/holodeck/pkg/provisioner/provisioner.go:134.32,135.53 1 0
github.com/NVIDIA/holodeck/pkg/provisioner/provisioner.go:135.53,137.5 1 0
github.com/NVIDIA/holodeck/pkg/provisioner/provisioner.go:143.2,143.95 1 0
github.com/NVIDIA/holodeck/pkg/provisioner/provisioner.go:143.95,144.49 1 0
github.com/NVIDIA/holodeck/pkg/provisioner/provisioner.go:144.49,146.4 1 0
github.com/NVIDIA/holodeck/pkg/provisioner/provisioner.go:149.2,149.46 1 0
github.com/NVIDIA/holodeck/pkg/provisioner/provisioner.go:149.46,151.49 1 0
github.com/NVIDIA/holodeck/pkg/provisioner/provisioner.go:151.49,153.4 1 0
github.com/NVIDIA/holodeck/pkg/provisioner/provisioner.go:155.3,155.43 1 0
github.com/NVIDIA/holodeck/pkg/provisioner/provisioner.go:155.43,157.4 1 0
github.com/NVIDIA/holodeck/pkg/provisioner/provisioner.go:159.3,159.39 1 0
github.com/NVIDIA/holodeck/pkg/provisioner/provisioner.go:159.39,161.4 1 0
github.com/NVIDIA/holodeck/pkg/provisioner/provisioner.go:164.3,164.36 1 0
github.com/NVIDIA/holodeck/pkg/provisioner/provisioner.go:164.36,165.48 1 0
github.com/NVIDIA/holodeck/pkg/provisioner/provisioner.go:165.48,167.5 1 0
github.com/NVIDIA/holodeck/pkg/provisioner/provisioner.go:168.9,171.46 1 0
github.com/NVIDIA/holodeck/pkg/provisioner/provisioner.go:171.46,173.5 1 0
github.com/NVIDIA/holodeck/pkg/provisioner/provisioner.go:177.3,177.16 1 0
github.com/NVIDIA/holodeck/pkg/provisioner/provisioner.go:180.2,180.12 1 0
github.com/NVIDIA/holodeck/pkg/provisioner/provisioner.go:184.47,186.21 1 0
github.com/NVIDIA/holodeck/pkg/provisioner/provisioner.go:186.21,189.17 2 0
github.com/NVIDIA/holodeck/pkg/provisioner/provisioner.go:189.17,192.43 2 0
github.com/NVIDIA/holodeck/pkg/provisioner/provisioner.go:192.43,194.5 1 0
github.com/NVIDIA/holodeck/pkg/provisioner/provisioner.go:197.3,197.17 1 0
github.com/NVIDIA/holodeck/pkg/provisioner/provisioner.go:200.2,200.12 1 0
github.com/NVIDIA/holodeck/pkg/provisioner/provisioner.go:203.41,208.16 3 0
github.com/NVIDIA/holodeck/pkg/provisioner/provisioner.go:208.16,210.3 1 0
github.com/NVIDIA/holodeck/pkg/provisioner/provisioner.go:213.2,214.16 2 0
github.com/NVIDIA/holodeck/pkg/provisioner/provisioner.go:214.16,216.3 1 0
github.com/NVIDIA/holodeck/pkg/provisioner/provisioner.go:217.2,221.12 4 0
github.com/NVIDIA/holodeck/pkg/provisioner/provisioner.go:221.12,224.17 3 0
github.com/NVIDIA/holodeck/pkg/provisioner/provisioner.go:224.17,226.4 1 0
github.com/NVIDIA/holodeck/pkg/provisioner/provisioner.go:228.2,234.16 4 0
github.com/NVIDIA/holodeck/pkg/provisioner/provisioner.go:234.16,236.3 1 0
github.com/NVIDIA/holodeck/pkg/provisioner/provisioner.go:237.2,237.39 1 0
github.com/NVIDIA/holodeck/pkg/provisioner/provisioner.go:237.39,239.3 1 0
github.com/NVIDIA/holodeck/pkg/provisioner/provisioner.go:241.2,241.12 1 0
github.com/NVIDIA/holodeck/pkg/provisioner/provisioner.go:244.72,250.16 3 0
github.com/NVIDIA/holodeck/pkg/provisioner/provisioner.go:250.16,252.3 1 0
github.com/NVIDIA/holodeck/pkg/provisioner/provisioner.go:253.2,256.69 2 0
github.com/NVIDIA/holodeck/pkg/provisioner/provisioner.go:256.69,258.3 1 0
github.com/NVIDIA/holodeck/pkg/provisioner/provisioner.go:261.2,262.16 2 0
github.com/NVIDIA/holodeck/pkg/provisioner/provisioner.go:262.16,264.3 1 0
github.com/NVIDIA/holodeck/pkg/provisioner/provisioner.go:265.2,265.65 1 0
github.com/NVIDIA/holodeck/pkg/provisioner/provisioner.go:265.65,267.3 1 0
github.com/NVIDIA/holodeck/pkg/provisioner/provisioner.go:272.2,272.53 1 0
github.com/NVIDIA/holodeck/pkg/provisioner/provisioner.go:272.53,274.17 2 0
github.com/NVIDIA/holodeck/pkg/provisioner/provisioner.go:274.17,276.4 1 0
github.com/NVIDIA/holodeck/pkg/provisioner/provisioner.go:278.3,278.112 1 0
github.com/NVIDIA/holodeck/pkg/provisioner/provisioner.go:281.2,282.16 2 0
github.com/NVIDIA/holodeck/pkg/provisioner/provisioner.go:282.16,284.3 1 0
github.com/NVIDIA/holodeck/pkg/provisioner/provisioner.go:287.2,287.58 1 0
github.com/NVIDIA/holodeck/pkg/provisioner/provisioner.go:287.58,289.3 1 0
github.com/NVIDIA/holodeck/pkg/provisioner/provisioner.go:292.2,293.39 2 0
github.com/NVIDIA/holodeck/pkg/provisioner/provisioner.go:293.39,295.3 1 0
github.com/NVIDIA/holodeck/pkg/provisioner/provisioner.go:297.2,297.12 1 0
github.com/NVIDIA/holodeck/pkg/provisioner/provisioner.go:302.75,310.53 5 0
github.com/NVIDIA/holodeck/pkg/provisioner/provisioner.go:310.53,312.3 1 0
github.com/NVIDIA/holodeck/pkg/provisioner/provisioner.go:315.2,318.16 3 0
github.com/NVIDIA/holodeck/pkg/provisioner/provisioner.go:318.16,320.3 1 0
github.com/NVIDIA/holodeck/pkg/provisioner/provisioner.go:322.2,323.16 2 0
github.com/NVIDIA/holodeck/pkg/provisioner/provisioner.go:323.16,325.3 1 0
github.com/NVIDIA/holodeck/pkg/provisioner/provisioner.go:328.2,328.88 1 0
github.com/NVIDIA/holodeck/pkg/provisioner/provisioner.go:328.88,330.3 1 0
github.com/NVIDIA/holodeck/pkg/provisioner/provisioner.go:333.2,333.78 1 0
github.com/NVIDIA/holodeck/pkg/provisioner/provisioner.go:333.78,335.3 1 0
github.com/NVIDIA/holodeck/pkg/provisioner/provisioner.go:338.2,339.16 2 0
github.com/NVIDIA/holodeck/pkg/provisioner/provisioner.go:339.16,341.3 1 0
github.com/NVIDIA/holodeck/pkg/provisioner/provisioner.go:342.2,342.69 1 0
github.com/NVIDIA/holodeck/pkg/provisioner/provisioner.go:342.69,345.3 2 0
github.com/NVIDIA/holodeck/pkg/provisioner/provisioner.go:346.2,350.16 3 0
github.com/NVIDIA/holodeck/pkg/provisioner/provisioner.go:350.16,352.3 1 0
github.com/NVIDIA/holodeck/pkg/provisioner/provisioner.go:353.2,353.98 1 0
github.com/NVIDIA/holodeck/pkg/provisioner/provisioner.go:353.98,356.3 2 0
github.com/NVIDIA/holodeck/pkg/provisioner/provisioner.go:357.2,359.12 2 0
github.com/NVIDIA/holodeck/pkg/provisioner/provisioner.go:363.80,366.16 2 0
github.com/NVIDIA/holodeck/pkg/provisioner/provisioner.go:366.16,368.3 1 0
github.com/NVIDIA/holodeck/pkg/provisioner/provisioner.go:369.2,373.16 3 0
github.com/NVIDIA/holodeck/pkg/provisioner/provisioner.go:373.16,375.3 1 0
github.com/NVIDIA/holodeck/pkg/provisioner/provisioner.go:376.2,380.16 3 0
github.com/NVIDIA/holodeck/pkg/provisioner/provisioner.go:380.16,382.3 1 0
github.com/NVIDIA/holodeck/pkg/provisioner/provisioner.go:383.2,386.58 2 0
github.com/NVIDIA/holodeck/pkg/provisioner/provisioner.go:386.58,388.3 1 0
github.com/NVIDIA/holodeck/pkg/provisioner/provisioner.go:390.2,390.12 1 0
github.com/NVIDIA/holodeck/pkg/provisioner/provisioner.go:393.47,396.50 2 1
github.com/NVIDIA/holodeck/pkg/provisioner/provisioner.go:396.50,398.3 1 0
github.com/NVIDIA/holodeck/pkg/provisioner/provisioner.go:400.2,401.58 2 1
github.com/NVIDIA/holodeck/pkg/provisioner/provisioner.go:401.58,403.3 1 0
github.com/NVIDIA/holodeck/pkg/provisioner/provisioner.go:404.2,404.12 1 1
github.com/NVIDIA/holodeck/pkg/provisioner/provisioner.go:408.75,412.16 4 0
github.com/NVIDIA/holodeck/pkg/provisioner/provisioner.go:412.16,414.3 1 0
github.com/NVIDIA/holodeck/pkg/provisioner/provisioner.go:415.2,416.16 2 0
github.com/NVIDIA/holodeck/pkg/provisioner/provisioner.go:416.16,418.3 1 0
github.com/NVIDIA/holodeck/pkg/provisioner/provisioner.go:419.2,428.15 3 0
github.com/NVIDIA/holodeck/pkg/provisioner/provisioner.go:428.15,430.17 2 0
github.com/NVIDIA/holodeck/pkg/provisioner/provisioner.go:430.17,432.4 1 0
github.com/NVIDIA/holodeck/pkg/provisioner/provisioner.go:433.3,436.30 2 0
github.com/NVIDIA/holodeck/pkg/provisioner/provisioner.go:439.2,439.22 1 0
github.com/NVIDIA/holodeck/pkg/provisioner/provisioner.go:439.22,441.3 1 0
github.com/NVIDIA/holodeck/pkg/provisioner/provisioner.go:443.2,443.20 1 0
